#! /c/Source/iverilog-install/bin/vvp
:ivl_version "12.0 (devel)" "(s20150603-1110-g18392a46)";
:ivl_delay_selection "TYPICAL";
:vpi_time_precision + 0;
:vpi_module "C:\iverilog\lib\ivl\system.vpi";
:vpi_module "C:\iverilog\lib\ivl\vhdl_sys.vpi";
:vpi_module "C:\iverilog\lib\ivl\vhdl_textio.vpi";
:vpi_module "C:\iverilog\lib\ivl\v2005_math.vpi";
:vpi_module "C:\iverilog\lib\ivl\va_math.vpi";
S_00000266ba906780 .scope module, "alu" "alu" 2 1;
 .timescale 0 0;
    .port_info 0 /INPUT 32 "a";
    .port_info 1 /INPUT 32 "b";
    .port_info 2 /INPUT 4 "ALUControl";
    .port_info 3 /OUTPUT 32 "Result";
    .port_info 4 /OUTPUT 4 "ALUFlags";
    .port_info 5 /OUTPUT 32 "Result2";
L_00000266ba90abb0 .functor NOT 33, L_00000266ba9b1ef0, C4<000000000000000000000000000000000>, C4<000000000000000000000000000000000>, C4<000000000000000000000000000000000>;
o00000266ba95ef78 .functor BUFZ 4, C4<zzzz>; HiZ drive
v00000266ba94dda0_0 .net "ALUControl", 3 0, o00000266ba95ef78;  0 drivers
v00000266ba94d120_0 .net "ALUFlags", 3 0, L_00000266ba9b02d0;  1 drivers
v00000266ba94d580_0 .var "Result", 31 0;
v00000266ba94d800_0 .var "Result2", 31 0;
v00000266ba94d620_0 .net *"_ivl_0", 32 0, L_00000266ba9b1810;  1 drivers
v00000266ba94d440_0 .net *"_ivl_10", 32 0, L_00000266ba90abb0;  1 drivers
v00000266ba94d760_0 .net *"_ivl_12", 32 0, L_00000266ba9b00f0;  1 drivers
L_00000266ba9b20a8 .functor BUFT 1, C4<0>, C4<0>, C4<0>, C4<0>;
v00000266ba94d1c0_0 .net *"_ivl_15", 0 0, L_00000266ba9b20a8;  1 drivers
v00000266ba94d080_0 .net *"_ivl_16", 32 0, L_00000266ba9b1310;  1 drivers
v00000266ba94de40_0 .net *"_ivl_18", 32 0, L_00000266ba9b0730;  1 drivers
v00000266ba94d940_0 .net *"_ivl_21", 0 0, L_00000266ba9b1c70;  1 drivers
v00000266ba94dc60_0 .net *"_ivl_22", 32 0, L_00000266ba9b0230;  1 drivers
L_00000266ba9b20f0 .functor BUFT 1, C4<00000000000000000000000000000000>, C4<0>, C4<0>, C4<0>;
v00000266ba94d260_0 .net *"_ivl_25", 31 0, L_00000266ba9b20f0;  1 drivers
L_00000266ba9b2018 .functor BUFT 1, C4<0>, C4<0>, C4<0>, C4<0>;
v00000266ba94dee0_0 .net *"_ivl_3", 0 0, L_00000266ba9b2018;  1 drivers
L_00000266ba9b2138 .functor BUFT 1, C4<00000000000000000000000000000000>, C4<0>, C4<0>, C4<0>;
v00000266ba94dd00_0 .net/2u *"_ivl_30", 31 0, L_00000266ba9b2138;  1 drivers
v00000266ba94d300_0 .net *"_ivl_5", 0 0, L_00000266ba9b0690;  1 drivers
v00000266ba94d3a0_0 .net *"_ivl_6", 32 0, L_00000266ba9b1ef0;  1 drivers
L_00000266ba9b2060 .functor BUFT 1, C4<0>, C4<0>, C4<0>, C4<0>;
v00000266ba94dbc0_0 .net *"_ivl_9", 0 0, L_00000266ba9b2060;  1 drivers
o00000266ba95f2d8 .functor BUFZ 32, C4<zzzzzzzzzzzzzzzzzzzzzzzzzzzzzzzz>; HiZ drive
v00000266ba94d4e0_0 .net "a", 31 0, o00000266ba95f2d8;  0 drivers
v00000266ba94d6c0_0 .var "aux", 63 0;
o00000266ba95f338 .functor BUFZ 32, C4<zzzzzzzzzzzzzzzzzzzzzzzzzzzzzzzz>; HiZ drive
v00000266ba94d8a0_0 .net "b", 31 0, o00000266ba95f338;  0 drivers
v00000266ba94d9e0_0 .net "carry", 0 0, v00000266ba9b05f0_0;  1 drivers
v00000266ba94da80_0 .net "neg", 0 0, L_00000266ba9b0eb0;  1 drivers
v00000266ba94db20_0 .net "overflow", 0 0, v00000266ba9b1770_0;  1 drivers
v00000266ba9b0e10_0 .net "sum", 32 0, L_00000266ba9b0d70;  1 drivers
v00000266ba9b0190_0 .var/s "tempA", 31 0;
v00000266ba9b0910_0 .var/s "tempAUX", 63 0;
v00000266ba9b0550_0 .var/s "tempB", 31 0;
v00000266ba9b05f0_0 .var "tempCARRY", 0 0;
v00000266ba9b1770_0 .var "tempOVERFLOW", 0 0;
v00000266ba9b0050_0 .net "zero", 0 0, L_00000266ba9b07d0;  1 drivers
E_00000266ba948a90 .event anyedge, v00000266ba94dda0_0, v00000266ba9b0e10_0, v00000266ba94d4e0_0, v00000266ba94d8a0_0;
E_00000266ba9487d0/0 .event anyedge, v00000266ba94dda0_0, v00000266ba9b0e10_0, v00000266ba94d4e0_0, v00000266ba94d8a0_0;
E_00000266ba9487d0/1 .event anyedge, v00000266ba94d6c0_0, v00000266ba9b0190_0, v00000266ba9b0550_0, v00000266ba9b0910_0;
E_00000266ba9487d0 .event/or E_00000266ba9487d0/0, E_00000266ba9487d0/1;
L_00000266ba9b1810 .concat [ 32 1 0 0], o00000266ba95f2d8, L_00000266ba9b2018;
L_00000266ba9b0690 .part o00000266ba95ef78, 0, 1;
L_00000266ba9b1ef0 .concat [ 32 1 0 0], o00000266ba95f338, L_00000266ba9b2060;
L_00000266ba9b00f0 .concat [ 32 1 0 0], o00000266ba95f338, L_00000266ba9b20a8;
L_00000266ba9b1310 .functor MUXZ 33, L_00000266ba9b00f0, L_00000266ba90abb0, L_00000266ba9b0690, C4<>;
L_00000266ba9b0730 .arith/sum 33, L_00000266ba9b1810, L_00000266ba9b1310;
L_00000266ba9b1c70 .part o00000266ba95ef78, 0, 1;
L_00000266ba9b0230 .concat [ 1 32 0 0], L_00000266ba9b1c70, L_00000266ba9b20f0;
L_00000266ba9b0d70 .arith/sum 33, L_00000266ba9b0730, L_00000266ba9b0230;
L_00000266ba9b0eb0 .part v00000266ba94d580_0, 31, 1;
L_00000266ba9b07d0 .cmp/eq 32, v00000266ba94d580_0, L_00000266ba9b2138;
L_00000266ba9b02d0 .concat [ 1 1 1 1], v00000266ba9b1770_0, v00000266ba9b05f0_0, L_00000266ba9b07d0, L_00000266ba9b0eb0;
    .scope S_00000266ba906780;
T_0 ;
    %wait E_00000266ba9487d0;
    %load/vec4 v00000266ba94dda0_0;
    %dup/vec4;
    %pushi/vec4 0, 1, 4;
    %cmp/x;
    %jmp/1 T_0.0, 4;
    %dup/vec4;
    %pushi/vec4 2, 0, 4;
    %cmp/x;
    %jmp/1 T_0.1, 4;
    %dup/vec4;
    %pushi/vec4 3, 0, 4;
    %cmp/x;
    %jmp/1 T_0.2, 4;
    %dup/vec4;
    %pushi/vec4 4, 0, 4;
    %cmp/x;
    %jmp/1 T_0.3, 4;
    %dup/vec4;
    %pushi/vec4 8, 0, 4;
    %cmp/x;
    %jmp/1 T_0.4, 4;
    %dup/vec4;
    %pushi/vec4 12, 0, 4;
    %cmp/x;
    %jmp/1 T_0.5, 4;
    %jmp T_0.6;
T_0.0 ;
    %load/vec4 v00000266ba9b0e10_0;
    %pad/u 32;
    %store/vec4 v00000266ba94d580_0, 0, 32;
    %jmp T_0.6;
T_0.1 ;
    %load/vec4 v00000266ba94d4e0_0;
    %load/vec4 v00000266ba94d8a0_0;
    %and;
    %store/vec4 v00000266ba94d580_0, 0, 32;
    %jmp T_0.6;
T_0.2 ;
    %load/vec4 v00000266ba94d4e0_0;
    %load/vec4 v00000266ba94d8a0_0;
    %or;
    %store/vec4 v00000266ba94d580_0, 0, 32;
    %jmp T_0.6;
T_0.3 ;
    %load/vec4 v00000266ba94d4e0_0;
    %load/vec4 v00000266ba94d8a0_0;
    %mul;
    %store/vec4 v00000266ba94d580_0, 0, 32;
    %jmp T_0.6;
T_0.4 ;
    %load/vec4 v00000266ba94d4e0_0;
    %pad/u 64;
    %load/vec4 v00000266ba94d8a0_0;
    %pad/u 64;
    %mul;
    %store/vec4 v00000266ba94d6c0_0, 0, 64;
    %load/vec4 v00000266ba94d6c0_0;
    %parti/s 32, 32, 7;
    %store/vec4 v00000266ba94d800_0, 0, 32;
    %load/vec4 v00000266ba94d6c0_0;
    %parti/s 32, 0, 2;
    %store/vec4 v00000266ba94d580_0, 0, 32;
    %jmp T_0.6;
T_0.5 ;
    %load/vec4 v00000266ba94d4e0_0;
    %store/vec4 v00000266ba9b0190_0, 0, 32;
    %load/vec4 v00000266ba94d8a0_0;
    %store/vec4 v00000266ba9b0550_0, 0, 32;
    %load/vec4 v00000266ba9b0190_0;
    %pad/s 64;
    %load/vec4 v00000266ba9b0550_0;
    %pad/s 64;
    %mul;
    %store/vec4 v00000266ba9b0910_0, 0, 64;
    %load/vec4 v00000266ba9b0910_0;
    %parti/s 32, 32, 7;
    %store/vec4 v00000266ba94d800_0, 0, 32;
    %load/vec4 v00000266ba9b0910_0;
    %parti/s 32, 0, 2;
    %store/vec4 v00000266ba94d580_0, 0, 32;
    %jmp T_0.6;
T_0.6 ;
    %pop/vec4 1;
    %jmp T_0;
    .thread T_0, $push;
    .scope S_00000266ba906780;
T_1 ;
    %wait E_00000266ba948a90;
    %load/vec4 v00000266ba94dda0_0;
    %cmpi/e 4, 0, 4;
    %flag_mov 8, 4;
    %load/vec4 v00000266ba94dda0_0;
    %cmpi/e 8, 0, 4;
    %flag_or 4, 8;
    %flag_mov 8, 4;
    %load/vec4 v00000266ba94dda0_0;
    %cmpi/e 12, 0, 4;
    %flag_or 4, 8;
    %jmp/0xz  T_1.0, 4;
    %pushi/vec4 0, 0, 1;
    %store/vec4 v00000266ba9b05f0_0, 0, 1;
    %pushi/vec4 0, 0, 1;
    %store/vec4 v00000266ba9b1770_0, 0, 1;
    %jmp T_1.1;
T_1.0 ;
    %load/vec4 v00000266ba94dda0_0;
    %parti/s 1, 1, 2;
    %pushi/vec4 0, 0, 1;
    %cmp/e;
    %flag_get/vec4 4;
    %load/vec4 v00000266ba9b0e10_0;
    %parti/s 1, 32, 7;
    %and;
    %store/vec4 v00000266ba9b05f0_0, 0, 1;
    %load/vec4 v00000266ba94dda0_0;
    %parti/s 1, 1, 2;
    %pushi/vec4 0, 0, 1;
    %cmp/e;
    %flag_get/vec4 4;
    %load/vec4 v00000266ba94d4e0_0;
    %parti/s 1, 31, 6;
    %load/vec4 v00000266ba94d8a0_0;
    %parti/s 1, 31, 6;
    %xor;
    %load/vec4 v00000266ba94dda0_0;
    %parti/s 1, 0, 2;
    %xor;
    %inv;
    %and;
    %load/vec4 v00000266ba94d4e0_0;
    %parti/s 1, 31, 6;
    %load/vec4 v00000266ba9b0e10_0;
    %parti/s 1, 31, 6;
    %xor;
    %and;
    %store/vec4 v00000266ba9b1770_0, 0, 1;
T_1.1 ;
    %jmp T_1;
    .thread T_1, $push;
# The file index is used to find the file name in the following table.
:file_names 3;
    "N/A";
    "<interactive>";
    "alu.v";
