#! /c/Source/iverilog-install/bin/vvp
:ivl_version "12.0 (devel)" "(s20150603-1110-g18392a46)";
:ivl_delay_selection "TYPICAL";
:vpi_time_precision - 9;
:vpi_module "C:\iverilog\lib\ivl\system.vpi";
:vpi_module "C:\iverilog\lib\ivl\vhdl_sys.vpi";
:vpi_module "C:\iverilog\lib\ivl\vhdl_textio.vpi";
:vpi_module "C:\iverilog\lib\ivl\v2005_math.vpi";
:vpi_module "C:\iverilog\lib\ivl\va_math.vpi";
S_00000287093cbe20 .scope module, "fp_tb" "fp_tb" 2 2;
 .timescale -9 -9;
v0000028709431600_0 .var "ALUControl", 0 0;
v0000028709431740_0 .net "Result", 31 0, v00000287093bf1c0_0;  1 drivers
v0000028709430f20_0 .var "Result_expected", 31 0;
v00000287094317e0_0 .var "a", 31 0;
v0000028709430ac0_0 .var "b", 31 0;
v00000287094308e0_0 .var "clk", 0 0;
v0000028709430b60_0 .var "errors", 31 0;
v0000028709431240_0 .var "reset", 0 0;
v0000028709430980 .array "testvector", 0 1000, 96 0;
v0000028709431380_0 .var "vectornum", 31 0;
E_00000287093bd010 .event negedge, v00000287094308e0_0;
E_00000287093bdbd0 .event posedge, v00000287094308e0_0;
S_00000287093cbfb0 .scope module, "fp_dut" "fp" 2 12, 3 1 0, S_00000287093cbe20;
 .timescale -9 -9;
    .port_info 0 /INPUT 32 "a";
    .port_info 1 /INPUT 32 "b";
    .port_info 2 /INPUT 1 "ALUControl";
    .port_info 3 /OUTPUT 32 "Result";
v00000287093cc140_0 .net "ALUControl", 0 0, v0000028709431600_0;  1 drivers
v00000287093bf1c0_0 .var "Result", 31 0;
v0000028709376df0_0 .net "a", 31 0, v00000287094317e0_0;  1 drivers
v0000028709376a70_0 .net "b", 31 0, v0000028709430ac0_0;  1 drivers
L_00000287094318f0 .functor BUFT 1, C4<01111111100000000000000000000000>, C4<0>, C4<0>, C4<0>;
v00000287093b7aa0_0 .net "exponente", 31 0, L_00000287094318f0;  1 drivers
v00000287093c3f20_0 .var "exponente_a", 31 0;
v00000287093c3fc0_0 .var "exponente_b", 31 0;
L_00000287094318a8 .functor BUFT 1, C4<00000000100000000000000000000000>, C4<0>, C4<0>, C4<0>;
v0000028709430a20_0 .net "inicial", 31 0, L_00000287094318a8;  1 drivers
v0000028709431100_0 .var "mantissa_a", 31 0;
v00000287094311a0_0 .var "mantissa_b", 31 0;
L_0000028709431938 .functor BUFT 1, C4<00000000011111111111111111111111>, C4<0>, C4<0>, C4<0>;
v0000028709431560_0 .net "matissa", 31 0, L_0000028709431938;  1 drivers
v0000028709431060_0 .var "temp1", 31 0;
v00000287094316a0_0 .var "temp2", 31 0;
v0000028709430c00_0 .var "temp3", 31 0;
v0000028709431420_0 .var "temp4", 999 0;
E_00000287093bd210/0 .event anyedge, v00000287093cc140_0, v00000287093b7aa0_0, v0000028709376df0_0, v0000028709376a70_0;
E_00000287093bd210/1 .event anyedge, v00000287093c3f20_0, v00000287093c3fc0_0, v0000028709431560_0, v0000028709431100_0;
E_00000287093bd210/2 .event anyedge, v0000028709430a20_0, v00000287094311a0_0, v0000028709431420_0, v00000287094316a0_0;
E_00000287093bd210/3 .event anyedge, v0000028709431060_0, v0000028709430c00_0;
E_00000287093bd210 .event/or E_00000287093bd210/0, E_00000287093bd210/1, E_00000287093bd210/2, E_00000287093bd210/3;
    .scope S_00000287093cbfb0;
T_0 ;
    %wait E_00000287093bd210;
    %load/vec4 v00000287093cc140_0;
    %flag_set/vec4 8;
    %jmp/0xz  T_0.0, 8;
    %load/vec4 v00000287093b7aa0_0;
    %load/vec4 v0000028709376df0_0;
    %and;
    %store/vec4 v00000287093c3f20_0, 0, 32;
    %load/vec4 v00000287093b7aa0_0;
    %load/vec4 v0000028709376a70_0;
    %and;
    %store/vec4 v00000287093c3fc0_0, 0, 32;
    %load/vec4 v00000287093c3f20_0;
    %ix/load 4, 23, 0;
    %flag_set/imm 4, 0;
    %shiftr 4;
    %store/vec4 v00000287093c3f20_0, 0, 32;
    %load/vec4 v00000287093c3fc0_0;
    %ix/load 4, 23, 0;
    %flag_set/imm 4, 0;
    %shiftr 4;
    %store/vec4 v00000287093c3fc0_0, 0, 32;
    %load/vec4 v0000028709376df0_0;
    %load/vec4 v0000028709431560_0;
    %and;
    %store/vec4 v0000028709431100_0, 0, 32;
    %load/vec4 v0000028709376a70_0;
    %load/vec4 v0000028709431560_0;
    %and;
    %store/vec4 v00000287094311a0_0, 0, 32;
    %load/vec4 v0000028709431100_0;
    %load/vec4 v0000028709430a20_0;
    %or;
    %store/vec4 v0000028709431100_0, 0, 32;
    %load/vec4 v00000287094311a0_0;
    %load/vec4 v0000028709430a20_0;
    %or;
    %store/vec4 v00000287094311a0_0, 0, 32;
    %load/vec4 v00000287093c3f20_0;
    %load/vec4 v00000287093c3fc0_0;
    %add;
    %subi 127, 0, 32;
    %store/vec4 v0000028709431060_0, 0, 32;
    %load/vec4 v0000028709431100_0;
    %pad/u 1000;
    %load/vec4 v00000287094311a0_0;
    %pad/u 1000;
    %mul;
    %store/vec4 v0000028709431420_0, 0, 1000;
T_0.2 ;
    %load/vec4 v0000028709431420_0;
    %cmpi/u 8388608, 0, 1000;
    %flag_or 5, 4; GT is !LE
    %flag_inv 5;
    %jmp/0xz T_0.3, 5;
    %load/vec4 v0000028709431420_0;
    %ix/load 4, 1, 0;
    %flag_set/imm 4, 0;
    %shiftr 4;
    %store/vec4 v0000028709431420_0, 0, 1000;
    %jmp T_0.2;
T_0.3 ;
    %load/vec4 v0000028709431420_0;
    %ix/load 4, 1, 0;
    %flag_set/imm 4, 0;
    %shiftl 4;
    %store/vec4 v0000028709431420_0, 0, 1000;
    %load/vec4 v0000028709431420_0;
    %pad/u 32;
    %store/vec4 v00000287094316a0_0, 0, 32;
    %load/vec4 v00000287094316a0_0;
    %parti/s 23, 0, 2;
    %pad/u 32;
    %store/vec4 v00000287094316a0_0, 0, 32;
    %load/vec4 v0000028709431060_0;
    %ix/load 4, 23, 0;
    %flag_set/imm 4, 0;
    %shiftl 4;
    %store/vec4 v0000028709431060_0, 0, 32;
    %load/vec4 v0000028709431060_0;
    %load/vec4 v00000287094316a0_0;
    %or;
    %store/vec4 v00000287094316a0_0, 0, 32;
    %load/vec4 v00000287094316a0_0;
    %store/vec4 v00000287093bf1c0_0, 0, 32;
    %load/vec4 v0000028709376df0_0;
    %parti/s 1, 31, 6;
    %load/vec4 v0000028709376a70_0;
    %parti/s 1, 31, 6;
    %xor;
    %ix/load 4, 31, 0;
    %flag_set/imm 4, 0;
    %store/vec4 v00000287093bf1c0_0, 4, 1;
    %jmp T_0.1;
T_0.0 ;
    %load/vec4 v00000287093b7aa0_0;
    %load/vec4 v0000028709376df0_0;
    %and;
    %store/vec4 v00000287093c3f20_0, 0, 32;
    %load/vec4 v00000287093b7aa0_0;
    %load/vec4 v0000028709376a70_0;
    %and;
    %store/vec4 v00000287093c3fc0_0, 0, 32;
    %load/vec4 v0000028709376df0_0;
    %load/vec4 v0000028709431560_0;
    %and;
    %store/vec4 v0000028709431100_0, 0, 32;
    %load/vec4 v0000028709376a70_0;
    %load/vec4 v0000028709431560_0;
    %and;
    %store/vec4 v00000287094311a0_0, 0, 32;
    %load/vec4 v00000287093c3f20_0;
    %ix/load 4, 23, 0;
    %flag_set/imm 4, 0;
    %shiftr 4;
    %store/vec4 v00000287093c3f20_0, 0, 32;
    %load/vec4 v00000287093c3fc0_0;
    %ix/load 4, 23, 0;
    %flag_set/imm 4, 0;
    %shiftr 4;
    %store/vec4 v00000287093c3fc0_0, 0, 32;
    %load/vec4 v0000028709431100_0;
    %load/vec4 v0000028709430a20_0;
    %or;
    %store/vec4 v0000028709431100_0, 0, 32;
    %load/vec4 v00000287094311a0_0;
    %load/vec4 v0000028709430a20_0;
    %or;
    %store/vec4 v00000287094311a0_0, 0, 32;
    %load/vec4 v00000287093c3fc0_0;
    %load/vec4 v00000287093c3f20_0;
    %cmp/u;
    %jmp/0xz  T_0.4, 5;
    %load/vec4 v00000287093c3f20_0;
    %load/vec4 v00000287093c3fc0_0;
    %sub;
    %store/vec4 v0000028709431060_0, 0, 32;
    %load/vec4 v00000287094311a0_0;
    %ix/getv 4, v0000028709431060_0;
    %shiftr 4;
    %store/vec4 v00000287094311a0_0, 0, 32;
    %load/vec4 v0000028709431100_0;
    %load/vec4 v00000287094311a0_0;
    %add;
    %store/vec4 v00000287094316a0_0, 0, 32;
    %load/vec4 v00000287093c3f20_0;
    %store/vec4 v0000028709431060_0, 0, 32;
    %jmp T_0.5;
T_0.4 ;
    %load/vec4 v00000287093c3fc0_0;
    %load/vec4 v00000287093c3f20_0;
    %sub;
    %store/vec4 v0000028709431060_0, 0, 32;
    %load/vec4 v0000028709431100_0;
    %ix/getv 4, v0000028709431060_0;
    %shiftr 4;
    %store/vec4 v0000028709431100_0, 0, 32;
    %load/vec4 v0000028709431100_0;
    %load/vec4 v00000287094311a0_0;
    %add;
    %store/vec4 v00000287094316a0_0, 0, 32;
    %load/vec4 v00000287093c3fc0_0;
    %store/vec4 v0000028709431060_0, 0, 32;
T_0.5 ;
    %load/vec4 v00000287094316a0_0;
    %store/vec4 v0000028709430c00_0, 0, 32;
    %load/vec4 v0000028709430c00_0;
    %ix/load 4, 23, 0;
    %flag_set/imm 4, 0;
    %shiftr 4;
    %store/vec4 v0000028709430c00_0, 0, 32;
    %load/vec4 v0000028709430c00_0;
    %cmpi/u 2, 0, 32;
    %flag_inv 5; GE is !LT
    %jmp/0xz  T_0.6, 5;
    %load/vec4 v00000287094316a0_0;
    %ix/load 4, 1, 0;
    %flag_set/imm 4, 0;
    %shiftr 4;
    %store/vec4 v00000287094316a0_0, 0, 32;
    %load/vec4 v0000028709431060_0;
    %addi 1, 0, 32;
    %store/vec4 v0000028709431060_0, 0, 32;
T_0.6 ;
    %load/vec4 v0000028709431060_0;
    %ix/load 4, 23, 0;
    %flag_set/imm 4, 0;
    %shiftl 4;
    %store/vec4 v0000028709431060_0, 0, 32;
    %load/vec4 v00000287094316a0_0;
    %load/vec4 v0000028709431560_0;
    %and;
    %store/vec4 v00000287094316a0_0, 0, 32;
    %load/vec4 v0000028709431060_0;
    %load/vec4 v00000287094316a0_0;
    %or;
    %store/vec4 v00000287094316a0_0, 0, 32;
    %load/vec4 v00000287094316a0_0;
    %store/vec4 v00000287093bf1c0_0, 0, 32;
T_0.1 ;
    %jmp T_0;
    .thread T_0, $push;
    .scope S_00000287093cbe20;
T_1 ;
    %pushi/vec4 1, 0, 1;
    %store/vec4 v00000287094308e0_0, 0, 1;
    %delay 5, 0;
    %pushi/vec4 0, 0, 1;
    %store/vec4 v00000287094308e0_0, 0, 1;
    %delay 5, 0;
    %jmp T_1;
    .thread T_1;
    .scope S_00000287093cbe20;
T_2 ;
    %vpi_call 2 21 "$readmemh", "testvectorfp.tv", v0000028709430980 {0 0 0};
    %pushi/vec4 0, 0, 32;
    %store/vec4 v0000028709430b60_0, 0, 32;
    %pushi/vec4 0, 0, 32;
    %store/vec4 v0000028709431380_0, 0, 32;
    %pushi/vec4 1, 0, 1;
    %store/vec4 v0000028709431240_0, 0, 1;
    %delay 17, 0;
    %pushi/vec4 0, 0, 1;
    %store/vec4 v0000028709431240_0, 0, 1;
    %end;
    .thread T_2;
    .scope S_00000287093cbe20;
T_3 ;
    %wait E_00000287093bdbd0;
    %ix/getv 4, v0000028709431380_0;
    %load/vec4a v0000028709430980, 4;
    %parti/s 32, 0, 2;
    %store/vec4 v0000028709430f20_0, 0, 32;
    %ix/getv 4, v0000028709431380_0;
    %load/vec4a v0000028709430980, 4;
    %parti/s 32, 32, 7;
    %store/vec4 v00000287094317e0_0, 0, 32;
    %ix/getv 4, v0000028709431380_0;
    %load/vec4a v0000028709430980, 4;
    %parti/s 32, 64, 8;
    %store/vec4 v0000028709430ac0_0, 0, 32;
    %ix/getv 4, v0000028709431380_0;
    %load/vec4a v0000028709430980, 4;
    %parti/s 1, 96, 8;
    %store/vec4 v0000028709431600_0, 0, 1;
    %jmp T_3;
    .thread T_3;
    .scope S_00000287093cbe20;
T_4 ;
    %wait E_00000287093bd010;
    %load/vec4 v0000028709431240_0;
    %inv;
    %flag_set/vec4 8;
    %jmp/0xz  T_4.0, 8;
    %load/vec4 v0000028709431740_0;
    %load/vec4 v0000028709430f20_0;
    %cmp/ne;
    %jmp/0xz  T_4.2, 6;
    %vpi_call 2 41 "$display", "testvector: %h", &A<v0000028709430980, v0000028709431380_0 > {0 0 0};
    %vpi_call 2 42 "$display", "Vectornum: %d", v0000028709431380_0 {0 0 0};
    %load/vec4 v00000287094317e0_0;
    %vpi_call 2 43 "$display", "Error input a: %h", S<0,vec4,u32> {1 0 0};
    %load/vec4 v0000028709430ac0_0;
    %vpi_call 2 44 "$display", "Error input b: %h", S<0,vec4,u32> {1 0 0};
    %load/vec4 v0000028709431600_0;
    %vpi_call 2 45 "$display", "Error input ALUControl: %h", S<0,vec4,u1> {1 0 0};
    %vpi_call 2 46 "$display", "output Result:%h, Result_expected:%b", v0000028709431740_0, v0000028709430f20_0 {0 0 0};
    %load/vec4 v0000028709430b60_0;
    %addi 1, 0, 32;
    %store/vec4 v0000028709430b60_0, 0, 32;
T_4.2 ;
    %load/vec4 v0000028709431380_0;
    %addi 1, 0, 32;
    %store/vec4 v0000028709431380_0, 0, 32;
    %ix/getv 4, v0000028709431380_0;
    %load/vec4a v0000028709430980, 4;
    %parti/s 1, 0, 2;
    %cmpi/e 1, 1, 1;
    %jmp/0xz  T_4.4, 6;
    %vpi_call 2 53 "$display", "total errors: %d", v0000028709430b60_0 {0 0 0};
    %vpi_call 2 54 "$finish" {0 0 0};
T_4.4 ;
T_4.0 ;
    %jmp T_4;
    .thread T_4;
    .scope S_00000287093cbe20;
T_5 ;
    %vpi_call 2 60 "$dumpfile", "alu.vcd" {0 0 0};
    %vpi_call 2 61 "$dumpvars" {0 0 0};
    %end;
    .thread T_5;
# The file index is used to find the file name in the following table.
:file_names 4;
    "N/A";
    "<interactive>";
    "fp_tb.v";
    "fp32.v";
